app/build/outputs/logs/manifest-merger-release-report.txt
-- Merging decision tree log ---
provider#androidx.core.content.FileProvider
INJECTED from src/main/AndroidManifest.xml:166:9-174:20
	android:grantUriPermissions
		ADDED from src/main/AndroidManifest.xml:170:13-47
	android:authorities
		INJECTED from src/main/AndroidManifest.xml
		ADDED from src/main/AndroidManifest.xml:168:13-60
	android:exported
		ADDED from src/main/AndroidManifest.xml:169:13-37
	android:name
		ADDED from src/main/AndroidManifest.xml:167:13-62
manifest
ADDED from src/main/AndroidManifest.xml:2:1-204:12
INJECTED from src/main/AndroidManifest.xml:2:1-204:12
INJECTED from src/main/AndroidManifest.xml:2:1-204:12
INJECTED from src/main/AndroidManifest.xml:2:1-204:12
MERGED from [:bottomsheet] AndroidManifest.xml:2:1-11:12
MERGED from [androidx.constraintlayout:constraintlayout:1.1.3] AndroidManifest.xml:2:1-11:12
MERGED from [com.anthonycr.progress:animated-progress:1.0] AndroidManifest.xml:2:1-12:12
MERGED from [com.github.codekidX:storage-chooser:2.0.3] AndroidManifest.xml:2:1-12:12
MERGED from [com.google.android.material:material:1.1.0-alpha02] AndroidManifest.xml:17:1-24:12
MERGED from [androidx.appcompat:appcompat:1.1.0-alpha01] AndroidManifest.xml:17:1-22:12
MERGED from [androidx.recyclerview:recyclerview:1.0.0] AndroidManifest.xml:17:1-22:12
MERGED from [androidx.palette:palette:1.0.0] AndroidManifest.xml:17:1-22:12
MERGED from [androidx.cardview:cardview:1.0.0] AndroidManifest.xml:17:1-22:12
MERGED from [com.github.bumptech.glide:glide:4.8.0] AndroidManifest.xml:2:1-12:12
MERGED from [com.amulyakhare:com.amulyakhare.textdrawable:1.0.1] AndroidManifest.xml:2:1-14:12
MERGED from [com.google.firebase:firebase-auth:18.1.0] AndroidManifest.xml:17:1-42:12
MERGED from [com.google.firebase:firebase-storage:18.1.1] AndroidManifest.xml:15:1-39:12
MERGED from [com.github.captain-miao:optroundcardview:1.0.0] AndroidManifest.xml:2:1-14:12
MERGED from [androidx.vectordrawable:vectordrawable-animated:1.0.0] AndroidManifest.xml:17:1-22:12
MERGED from [androidx.legacy:legacy-support-core-ui:1.0.0] AndroidManifest.xml:17:1-22:12
MERGED from [androidx.legacy:legacy-support-core-utils:1.0.0] AndroidManifest.xml:17:1-22:12
MERGED from [com.github.bumptech.glide:gifdecoder:4.8.0] AndroidManifest.xml:2:1-11:12
MERGED from [androidx.localbroadcastmanager:localbroadcastmanager:1.0.0] AndroidManifest.xml:17:1-22:12
MERGED from [com.google.firebase:firebase-auth-interop:18.0.0] AndroidManifest.xml:2:1-10:12
MERGED from [com.google.firebase:firebase-common:18.0.0] AndroidManifest.xml:2:1-19:12
MERGED from [com.google.android.gms:play-services-base:17.0.0] AndroidManifest.xml:17:1-29:12
MERGED from [com.google.android.gms:play-services-tasks:17.0.0] AndroidManifest.xml:2:1-9:12
MERGED from [com.google.android.gms:play-services-basement:17.0.0] AndroidManifest.xml:17:1-28:12
MERGED from [androidx.fragment:fragment:1.1.0-alpha02] AndroidManifest.xml:17:1-22:12
MERGED from [androidx.vectordrawable:vectordrawable:1.0.1] AndroidManifest.xml:17:1-22:12
MERGED from [androidx.drawerlayout:drawerlayout:1.0.0] AndroidManifest.xml:17:1-22:12
MERGED from [androidx.transition:transition:1.0.0] AndroidManifest.xml:17:1-22:12
MERGED from [androidx.viewpager:viewpager:1.0.0] AndroidManifest.xml:17:1-22:12
MERGED from [androidx.coordinatorlayout:coordinatorlayout:1.0.0] AndroidManifest.xml:17:1-22:12
MERGED from [androidx.slidingpanelayout:slidingpanelayout:1.0.0] AndroidManifest.xml:17:1-22:12
MERGED from [androidx.customview:customview:1.0.0] AndroidManifest.xml:17:1-22:12
MERGED from [androidx.swiperefreshlayout:swiperefreshlayout:1.0.0] AndroidManifest.xml:17:1-22:12
MERGED from [androidx.asynclayoutinflater:asynclayoutinflater:1.0.0] AndroidManifest.xml:17:1-22:12
MERGED from [androidx.loader:loader:1.0.0] AndroidManifest.xml:17:1-22:12
MERGED from [androidx.activity:activity:1.0.0-alpha02] AndroidManifest.xml:17:1-22:12
MERGED from [androidx.core:core:1.1.0-alpha01] AndroidManifest.xml:17:1-24:12
MERGED from [androidx.versionedparcelable:versionedparcelable:1.1.0-alpha01] AndroidManifest.xml:17:1-25:12
MERGED from [androidx.cursoradapter:cursoradapter:1.0.0] AndroidManifest.xml:17:1-22:12
MERGED from [androidx.interpolator:interpolator:1.0.0] AndroidManifest.xml:17:1-22:12
MERGED from [androidx.documentfile:documentfile:1.0.0] AndroidManifest.xml:17:1-22:12
MERGED from [androidx.print:print:1.0.0] AndroidManifest.xml:17:1-22:12
MERGED from [androidx.lifecycle:lifecycle-viewmodel:2.0.0] AndroidManifest.xml:17:1-22:12
MERGED from [androidx.lifecycle:lifecycle-runtime:2.0.0] AndroidManifest.xml:17:1-22:12
MERGED from [androidx.lifecycle:lifecycle-livedata:2.0.0] AndroidManifest.xml:17:1-22:12
MERGED from [androidx.lifecycle:lifecycle-livedata-core:2.0.0] AndroidManifest.xml:17:1-22:12
MERGED from [androidx.arch.core:core-runtime:2.0.0] AndroidManifest.xml:17:1-22:12
MERGED from [com.github.markushi:circlebutton:1.1] AndroidManifest.xml:2:1-11:12
INJECTED from src/main/AndroidManifest.xml:2:1-204:12
INJECTED from src/main/AndroidManifest.xml:2:1-204:12
INJECTED from src/main/AndroidManifest.xml:2:1-204:12
	package
		ADDED from src/main/AndroidManifest.xml:5:5-48
		INJECTED from src/main/AndroidManifest.xml
		INJECTED from src/main/AndroidManifest.xml
	android:versionName
		INJECTED from src/main/AndroidManifest.xml
		ADDED from src/main/AndroidManifest.xml:2:1-204:12
		INJECTED from src/main/AndroidManifest.xml
	xmlns:tools
		ADDED from src/main/AndroidManifest.xml:4:5-51
	android:versionCode
		INJECTED from src/main/AndroidManifest.xml
		ADDED from src/main/AndroidManifest.xml:2:1-204:12
		INJECTED from src/main/AndroidManifest.xml
	xmlns:android
		ADDED from src/main/AndroidManifest.xml:3:5-63
uses-permission#android.permission.INTERNET
ADDED from src/main/AndroidManifest.xml:7:5-67
MERGED from [com.google.firebase:firebase-storage:18.1.1] AndroidManifest.xml:27:5-67
MERGED from [com.google.firebase:firebase-storage:18.1.1] AndroidManifest.xml:27:5-67
	android:name
		ADDED from src/main/AndroidManifest.xml:7:22-64
uses-permission#android.permission.ACCESS_NETWORK_STATE
ADDED from src/main/AndroidManifest.xml:8:5-79
MERGED from [com.google.firebase:firebase-storage:18.1.1] AndroidManifest.xml:26:5-79
MERGED from [com.google.firebase:firebase-storage:18.1.1] AndroidManifest.xml:26:5-79
	android:name
		ADDED from src/main/AndroidManifest.xml:8:22-76
uses-permission#android.permission.WRITE_EXTERNAL_STORAGE
ADDED from src/main/AndroidManifest.xml:9:5-81
	android:name
		ADDED from src/main/AndroidManifest.xml:9:22-78
uses-permission#android.permission.ACCESS_FINE_LOCATION
ADDED from src/main/AndroidManifest.xml:10:5-79
	android:name
		ADDED from src/main/AndroidManifest.xml:10:22-76
uses-permission#android.permission.REQUEST_INSTALL_PACKAGES
ADDED from src/main/AndroidManifest.xml:11:5-82
	android:name
		ADDED from src/main/AndroidManifest.xml:11:22-80
uses-permission#com.android.launcher.permission.INSTALL_SHORTCUT
ADDED from src/main/AndroidManifest.xml:12:5-88
	android:name
		ADDED from src/main/AndroidManifest.xml:12:22-85
uses-permission#com.android.vending.BILLING
ADDED from src/main/AndroidManifest.xml:13:5-67
	android:name
		ADDED from src/main/AndroidManifest.xml:13:22-64
uses-permission#android.permission.WAKE_LOCK
ADDED from src/main/AndroidManifest.xml:14:5-67
	android:name
		ADDED from src/main/AndroidManifest.xml:14:22-65
application
ADDED from src/main/AndroidManifest.xml:16:5-202:19
MERGED from [androidx.constraintlayout:constraintlayout:1.1.3] AndroidManifest.xml:9:5-20
MERGED from [androidx.constraintlayout:constraintlayout:1.1.3] AndroidManifest.xml:9:5-20
MERGED from [com.google.android.material:material:1.1.0-alpha02] AndroidManifest.xml:22:5-20
MERGED from [com.google.android.material:material:1.1.0-alpha02] AndroidManifest.xml:22:5-20
MERGED from [com.github.bumptech.glide:glide:4.8.0] AndroidManifest.xml:10:5-20
MERGED from [com.github.bumptech.glide:glide:4.8.0] AndroidManifest.xml:10:5-20
MERGED from [com.amulyakhare:com.amulyakhare.textdrawable:1.0.1] AndroidManifest.xml:12:5-20
MERGED from [com.amulyakhare:com.amulyakhare.textdrawable:1.0.1] AndroidManifest.xml:12:5-20
MERGED from [com.google.firebase:firebase-auth:18.1.0] AndroidManifest.xml:23:5-40:19
MERGED from [com.google.firebase:firebase-auth:18.1.0] AndroidManifest.xml:23:5-40:19
MERGED from [com.google.firebase:firebase-storage:18.1.1] AndroidManifest.xml:29:5-37:19
MERGED from [com.google.firebase:firebase-storage:18.1.1] AndroidManifest.xml:29:5-37:19
MERGED from [com.github.captain-miao:optroundcardview:1.0.0] AndroidManifest.xml:11:5-12:19
MERGED from [com.github.captain-miao:optroundcardview:1.0.0] AndroidManifest.xml:11:5-12:19
MERGED from [com.github.bumptech.glide:gifdecoder:4.8.0] AndroidManifest.xml:9:5-20
MERGED from [com.github.bumptech.glide:gifdecoder:4.8.0] AndroidManifest.xml:9:5-20
MERGED from [com.google.firebase:firebase-auth-interop:18.0.0] AndroidManifest.xml:7:5-8:19
MERGED from [com.google.firebase:firebase-auth-interop:18.0.0] AndroidManifest.xml:7:5-8:19
MERGED from [com.google.firebase:firebase-common:18.0.0] AndroidManifest.xml:11:5-17:19
MERGED from [com.google.firebase:firebase-common:18.0.0] AndroidManifest.xml:11:5-17:19
MERGED from [com.google.android.gms:play-services-base:17.0.0] AndroidManifest.xml:22:5-27:19
MERGED from [com.google.android.gms:play-services-base:17.0.0] AndroidManifest.xml:22:5-27:19
MERGED from [com.google.android.gms:play-services-tasks:17.0.0] AndroidManifest.xml:7:5-20
MERGED from [com.google.android.gms:play-services-tasks:17.0.0] AndroidManifest.xml:7:5-20
MERGED from [com.google.android.gms:play-services-basement:17.0.0] AndroidManifest.xml:22:5-26:19
MERGED from [com.google.android.gms:play-services-basement:17.0.0] AndroidManifest.xml:22:5-26:19
MERGED from [androidx.core:core:1.1.0-alpha01] AndroidManifest.xml:22:5-89
MERGED from [androidx.core:core:1.1.0-alpha01] AndroidManifest.xml:22:5-89
MERGED from [androidx.versionedparcelable:versionedparcelable:1.1.0-alpha01] AndroidManifest.xml:22:5-23:19
MERGED from [androidx.versionedparcelable:versionedparcelable:1.1.0-alpha01] AndroidManifest.xml:22:5-23:19
MERGED from [com.github.markushi:circlebutton:1.1] AndroidManifest.xml:9:5-20
MERGED from [com.github.markushi:circlebutton:1.1] AndroidManifest.xml:9:5-20
	android:appComponentFactory
		ADDED from [androidx.core:core:1.1.0-alpha01] AndroidManifest.xml:22:18-86
	android:supportsRtl
		ADDED from src/main/AndroidManifest.xml:23:9-35
	android:label
		ADDED from src/main/AndroidManifest.xml:22:9-41
	android:fullBackupContent
		ADDED from src/main/AndroidManifest.xml:19:9-42
	android:roundIcon
		ADDED from src/main/AndroidManifest.xml:21:9-54
	tools:targetApi
		ADDED from src/main/AndroidManifest.xml:27:9-28
	android:icon
		ADDED from src/main/AndroidManifest.xml:20:9-43
	android:allowBackup
		ADDED from src/main/AndroidManifest.xml:18:9-36
	android:theme
		ADDED from src/main/AndroidManifest.xml:24:9-41
	tools:replace
		ADDED from src/main/AndroidManifest.xml:26:9-59
	android:usesCleartextTraffic
		ADDED from src/main/AndroidManifest.xml:25:9-44
	android:name
		ADDED from src/main/AndroidManifest.xml:17:9-79
receiver#com.creativetrends.app.simplicity.widgets.SearchBarDarkProvider
ADDED from src/main/AndroidManifest.xml:30:9-40:20
	android:label
		ADDED from src/main/AndroidManifest.xml:32:13-45
	android:name
		ADDED from src/main/AndroidManifest.xml:31:13-91
intent-filter#action:name:android.appwidget.action.APPWIDGET_UPDATE
ADDED from src/main/AndroidManifest.xml:33:13-35:29
action#android.appwidget.action.APPWIDGET_UPDATE
ADDED from src/main/AndroidManifest.xml:34:17-84
	android:name
		ADDED from src/main/AndroidManifest.xml:34:25-81
meta-data#android.appwidget.provider
ADDED from src/main/AndroidManifest.xml:37:13-39:55
	android:resource
		ADDED from src/main/AndroidManifest.xml:39:17-52
	android:name
		ADDED from src/main/AndroidManifest.xml:38:17-58
receiver#com.creativetrends.app.simplicity.widgets.SearchBarLightProvider
ADDED from src/main/AndroidManifest.xml:43:9-53:20
	android:label
		ADDED from src/main/AndroidManifest.xml:45:13-45
	android:name
		ADDED from src/main/AndroidManifest.xml:44:13-92
activity#com.creativetrends.app.simplicity.activities.WelcomeActivity
ADDED from src/main/AndroidManifest.xml:55:9-67:20
	android:label
		ADDED from src/main/AndroidManifest.xml:57:13-45
	android:hardwareAccelerated
		ADDED from src/main/AndroidManifest.xml:58:13-47
	android:theme
		ADDED from src/main/AndroidManifest.xml:59:13-58
	android:name
		ADDED from src/main/AndroidManifest.xml:56:13-88
intent-filter#action:name:android.intent.action.MAIN+category:name:android.intent.category.LAUNCHER
ADDED from src/main/AndroidManifest.xml:60:13-63:29
action#android.intent.action.MAIN
ADDED from src/main/AndroidManifest.xml:61:17-68
	android:name
		ADDED from src/main/AndroidManifest.xml:61:25-66
category#android.intent.category.LAUNCHER
ADDED from src/main/AndroidManifest.xml:62:17-76
	android:name
		ADDED from src/main/AndroidManifest.xml:62:27-74
meta-data#android.app.shortcuts
ADDED from src/main/AndroidManifest.xml:64:13-66:53
	android:resource
		ADDED from src/main/AndroidManifest.xml:66:17-50
	android:name
		ADDED from src/main/AndroidManifest.xml:65:17-53
activity#com.creativetrends.app.simplicity.activities.MainActivity
ADDED from src/main/AndroidManifest.xml:69:9-88:20
	android:launchMode
		ADDED from src/main/AndroidManifest.xml:74:13-44
	android:hardwareAccelerated
		ADDED from src/main/AndroidManifest.xml:72:13-47
	android:windowSoftInputMode
		ADDED from src/main/AndroidManifest.xml:73:13-55
	tools:ignore
		ADDED from src/main/AndroidManifest.xml:76:13-43
	android:configChanges
		ADDED from src/main/AndroidManifest.xml:71:13-98
	android:theme
		ADDED from src/main/AndroidManifest.xml:75:13-45
	android:name
		ADDED from src/main/AndroidManifest.xml:70:13-85
intent-filter#action:name:android.intent.action.VIEW+category:name:android.intent.category.BROWSABLE+category:name:android.intent.category.DEFAULT+data:scheme:http+data:scheme:https+data:scheme:widget_simplicity
ADDED from src/main/AndroidManifest.xml:77:13-84:29
action#android.intent.action.VIEW
ADDED from src/main/AndroidManifest.xml:78:17-69
	android:name
		ADDED from src/main/AndroidManifest.xml:78:25-66
category#android.intent.category.BROWSABLE
ADDED from src/main/AndroidManifest.xml:79:17-78
	android:name
		ADDED from src/main/AndroidManifest.xml:79:27-75
category#android.intent.category.DEFAULT
ADDED from src/main/AndroidManifest.xml:80:17-76
	android:name
		ADDED from src/main/AndroidManifest.xml:80:27-73
data
ADDED from src/main/AndroidManifest.xml:81:17-47
	android:scheme
		ADDED from src/main/AndroidManifest.xml:81:23-44
activity#com.creativetrends.app.simplicity.activities.PrivateActivity
ADDED from src/main/AndroidManifest.xml:91:9-99:51
	android:label
		ADDED from src/main/AndroidManifest.xml:96:13-49
	android:hardwareAccelerated
		ADDED from src/main/AndroidManifest.xml:95:13-47
	android:windowSoftInputMode
		ADDED from src/main/AndroidManifest.xml:94:13-55
	android:roundIcon
		ADDED from src/main/AndroidManifest.xml:98:13-68
	android:configChanges
		ADDED from src/main/AndroidManifest.xml:93:13-98
	android:icon
		ADDED from src/main/AndroidManifest.xml:97:13-57
	android:theme
		ADDED from src/main/AndroidManifest.xml:99:13-49
	android:name
		ADDED from src/main/AndroidManifest.xml:92:13-88
activity#com.creativetrends.app.simplicity.activities.BookmarksActivity
ADDED from src/main/AndroidManifest.xml:101:9-104:52
	android:label
		ADDED from src/main/AndroidManifest.xml:103:13-46
	android:theme
		ADDED from src/main/AndroidManifest.xml:104:13-50
	android:name
		ADDED from src/main/AndroidManifest.xml:102:13-90
activity#com.creativetrends.app.simplicity.activities.HistoryActivity
ADDED from src/main/AndroidManifest.xml:106:9-109:52
	android:label
		ADDED from src/main/AndroidManifest.xml:108:13-44
	android:theme
		ADDED from src/main/AndroidManifest.xml:109:13-50
	android:name
		ADDED from src/main/AndroidManifest.xml:107:13-88
activity#com.creativetrends.app.simplicity.activities.SettingsActivity
ADDED from src/main/AndroidManifest.xml:111:9-114:51
	android:label
		ADDED from src/main/AndroidManifest.xml:113:13-45
	android:theme
		ADDED from src/main/AndroidManifest.xml:114:13-49
	android:name
		ADDED from src/main/AndroidManifest.xml:112:13-89
activity#com.creativetrends.app.simplicity.activities.FilePickerActivity
ADDED from src/main/AndroidManifest.xml:116:9-119:51
	android:label
		ADDED from src/main/AndroidManifest.xml:118:13-46
	android:theme
		ADDED from src/main/AndroidManifest.xml:119:13-49
	android:name
		ADDED from src/main/AndroidManifest.xml:117:13-91
activity#com.creativetrends.app.simplicity.activities.WelcomeActivitySign
ADDED from src/main/AndroidManifest.xml:121:9-124:60
	android:label
		ADDED from src/main/AndroidManifest.xml:123:13-55
	android:theme
		ADDED from src/main/AndroidManifest.xml:124:13-58
	android:name
		ADDED from src/main/AndroidManifest.xml:122:13-92
activity#com.creativetrends.app.simplicity.activities.SimplicityAccount
ADDED from src/main/AndroidManifest.xml:126:9-129:60
	android:label
		ADDED from src/main/AndroidManifest.xml:128:13-55
	android:theme
		ADDED from src/main/AndroidManifest.xml:129:13-58
	android:name
		ADDED from src/main/AndroidManifest.xml:127:13-90
activity#com.creativetrends.app.simplicity.activities.NewSimplicityAccount
ADDED from src/main/AndroidManifest.xml:131:9-134:60
	android:label
		ADDED from src/main/AndroidManifest.xml:133:13-55
	android:theme
		ADDED from src/main/AndroidManifest.xml:134:13-58
	android:name
		ADDED from src/main/AndroidManifest.xml:132:13-93
activity#com.creativetrends.app.simplicity.activities.SimplicityProfile
ADDED from src/main/AndroidManifest.xml:136:9-139:60
	android:label
		ADDED from src/main/AndroidManifest.xml:138:13-55
	android:theme
		ADDED from src/main/AndroidManifest.xml:139:13-58
	android:name
		ADDED from src/main/AndroidManifest.xml:137:13-90
activity#com.creativetrends.app.simplicity.activities.ExperimentalActivity
ADDED from src/main/AndroidManifest.xml:141:9-144:51
	android:label
		ADDED from src/main/AndroidManifest.xml:143:13-45
	android:theme
		ADDED from src/main/AndroidManifest.xml:144:13-49
	android:name
		ADDED from src/main/AndroidManifest.xml:142:13-93
activity#com.creativetrends.app.simplicity.activities.AboutActivity
ADDED from src/main/AndroidManifest.xml:146:9-149:51
	android:label
		ADDED from src/main/AndroidManifest.xml:148:13-46
	android:theme
		ADDED from src/main/AndroidManifest.xml:149:13-49
	android:name
		ADDED from src/main/AndroidManifest.xml:147:13-86
activity#com.creativetrends.app.simplicity.activities.ReadingActivity
ADDED from src/main/AndroidManifest.xml:150:9-153:49
	android:label
		ADDED from src/main/AndroidManifest.xml:152:13-48
	android:theme
		ADDED from src/main/AndroidManifest.xml:153:13-47
	android:name
		ADDED from src/main/AndroidManifest.xml:151:13-88
activity#com.creativetrends.app.simplicity.activities.DonateActivity
ADDED from src/main/AndroidManifest.xml:154:9-157:51
	android:label
		ADDED from src/main/AndroidManifest.xml:156:13-48
	android:theme
		ADDED from src/main/AndroidManifest.xml:157:13-49
	android:name
		ADDED from src/main/AndroidManifest.xml:155:13-87
activity#com.creativetrends.app.simplicity.activities.PhotoActivity
ADDED from src/main/AndroidManifest.xml:158:9-164:52
	android:label
		ADDED from src/main/AndroidManifest.xml:163:13-43
	android:launchMode
		ADDED from src/main/AndroidManifest.xml:162:13-44
	android:hardwareAccelerated
		ADDED from src/main/AndroidManifest.xml:161:13-47
	android:configChanges
		ADDED from src/main/AndroidManifest.xml:160:13-98
	android:theme
		ADDED from src/main/AndroidManifest.xml:164:13-49
	android:name
		ADDED from src/main/AndroidManifest.xml:159:13-86
uses-library#com.sec.android.app.multiwindow
ADDED from src/main/AndroidManifest.xml:176:9-178:39
	android:required
		ADDED from src/main/AndroidManifest.xml:178:13-37
	android:name
		ADDED from src/main/AndroidManifest.xml:177:13-59
meta-data#com.sec.android.support.multiwindow
ADDED from src/main/AndroidManifest.xml:180:9-182:36
	android:value
		ADDED from src/main/AndroidManifest.xml:182:13-33
	android:name
		ADDED from src/main/AndroidManifest.xml:181:13-63
meta-data#com.lge.support.SPLIT_WINDOW
ADDED from src/main/AndroidManifest.xml:183:9-185:36
	android:value
		ADDED from src/main/AndroidManifest.xml:185:13-33
	android:name
		ADDED from src/main/AndroidManifest.xml:184:13-56
meta-data#com.sec.android.multiwindow.DEFAULT_SIZE_W
ADDED from src/main/AndroidManifest.xml:186:9-188:59
	android:resource
		ADDED from src/main/AndroidManifest.xml:188:13-56
	android:name
		ADDED from src/main/AndroidManifest.xml:187:13-70
meta-data#com.sec.android.multiwindow.DEFAULT_SIZE_H
ADDED from src/main/AndroidManifest.xml:189:9-191:59
	android:resource
		ADDED from src/main/AndroidManifest.xml:191:13-56
	android:name
		ADDED from src/main/AndroidManifest.xml:190:13-70
meta-data#com.sec.android.multiwindow.MINIMUM_SIZE_W
ADDED from src/main/AndroidManifest.xml:192:9-194:59
	android:resource
		ADDED from src/main/AndroidManifest.xml:194:13-56
	android:name
		ADDED from src/main/AndroidManifest.xml:193:13-70
meta-data#com.sec.android.multiwindow.MINIMUM_SIZE_H
ADDED from src/main/AndroidManifest.xml:195:9-197:59
	android:resource
		ADDED from src/main/AndroidManifest.xml:197:13-56
	android:name
		ADDED from src/main/AndroidManifest.xml:196:13-70
meta-data#android.max_aspect
ADDED from src/main/AndroidManifest.xml:199:9-201:35
	android:value
		ADDED from src/main/AndroidManifest.xml:201:13-32
	android:name
		ADDED from src/main/AndroidManifest.xml:200:13-46
uses-sdk
INJECTED from src/main/AndroidManifest.xml reason: use-sdk injection requested
INJECTED from src/main/AndroidManifest.xml
INJECTED from src/main/AndroidManifest.xml
MERGED from [:bottomsheet] AndroidManifest.xml:7:5-9:41
MERGED from [:bottomsheet] AndroidManifest.xml:7:5-9:41
MERGED from [androidx.constraintlayout:constraintlayout:1.1.3] AndroidManifest.xml:5:5-7:41
MERGED from [androidx.constraintlayout:constraintlayout:1.1.3] AndroidManifest.xml:5:5-7:41
MERGED from [com.anthonycr.progress:animated-progress:1.0] AndroidManifest.xml:8:5-10:41
MERGED from [com.anthonycr.progress:animated-progress:1.0] AndroidManifest.xml:8:5-10:41
MERGED from [com.github.codekidX:storage-chooser:2.0.3] AndroidManifest.xml:8:5-10:41
MERGED from [com.github.codekidX:storage-chooser:2.0.3] AndroidManifest.xml:8:5-10:41
MERGED from [com.google.android.material:material:1.1.0-alpha02] AndroidManifest.xml:20:5-44
MERGED from [com.google.android.material:material:1.1.0-alpha02] AndroidManifest.xml:20:5-44
MERGED from [androidx.appcompat:appcompat:1.1.0-alpha01] AndroidManifest.xml:20:5-44
MERGED from [androidx.appcompat:appcompat:1.1.0-alpha01] AndroidManifest.xml:20:5-44
MERGED from [androidx.recyclerview:recyclerview:1.0.0] AndroidManifest.xml:20:5-44
MERGED from [androidx.recyclerview:recyclerview:1.0.0] AndroidManifest.xml:20:5-44
MERGED from [androidx.palette:palette:1.0.0] AndroidManifest.xml:20:5-44
MERGED from [androidx.palette:palette:1.0.0] AndroidManifest.xml:20:5-44
MERGED from [androidx.cardview:cardview:1.0.0] AndroidManifest.xml:20:5-44
MERGED from [androidx.cardview:cardview:1.0.0] AndroidManifest.xml:20:5-44
MERGED from [com.github.bumptech.glide:glide:4.8.0] AndroidManifest.xml:6:5-8:41
MERGED from [com.github.bumptech.glide:glide:4.8.0] AndroidManifest.xml:6:5-8:41
MERGED from [com.amulyakhare:com.amulyakhare.textdrawable:1.0.1] AndroidManifest.xml:8:5-10:41
MERGED from [com.amulyakhare:com.amulyakhare.textdrawable:1.0.1] AndroidManifest.xml:8:5-10:41
MERGED from [com.google.firebase:firebase-auth:18.1.0] AndroidManifest.xml:21:5-44
MERGED from [com.google.firebase:firebase-auth:18.1.0] AndroidManifest.xml:21:5-44
MERGED from [com.google.firebase:firebase-storage:18.1.1] AndroidManifest.xml:20:5-22:41
MERGED from [com.google.firebase:firebase-storage:18.1.1] AndroidManifest.xml:20:5-22:41
MERGED from [com.github.captain-miao:optroundcardview:1.0.0] AndroidManifest.xml:7:5-9:41
MERGED from [com.github.captain-miao:optroundcardview:1.0.0] AndroidManifest.xml:7:5-9:41
MERGED from [androidx.vectordrawable:vectordrawable-animated:1.0.0] AndroidManifest.xml:20:5-44
MERGED from [androidx.vectordrawable:vectordrawable-animated:1.0.0] AndroidManifest.xml:20:5-44
MERGED from [androidx.legacy:legacy-support-core-ui:1.0.0] AndroidManifest.xml:20:5-44
MERGED from [androidx.legacy:legacy-support-core-ui:1.0.0] AndroidManifest.xml:20:5-44
MERGED from [androidx.legacy:legacy-support-core-utils:1.0.0] AndroidManifest.xml:20:5-44
MERGED from [androidx.legacy:legacy-support-core-utils:1.0.0] AndroidManifest.xml:20:5-44
MERGED from [com.github.bumptech.glide:gifdecoder:4.8.0] AndroidManifest.xml:5:5-7:41
MERGED from [com.github.bumptech.glide:gifdecoder:4.8.0] AndroidManifest.xml:5:5-7:41
MERGED from [androidx.localbroadcastmanager:localbroadcastmanager:1.0.0] AndroidManifest.xml:20:5-44
MERGED from [androidx.localbroadcastmanager:localbroadcastmanager:1.0.0] AndroidManifest.xml:20:5-44
MERGED from [com.google.firebase:firebase-auth-interop:18.0.0] AndroidManifest.xml:5:5-44
MERGED from [com.google.firebase:firebase-auth-interop:18.0.0] AndroidManifest.xml:5:5-44
MERGED from [com.google.firebase:firebase-common:18.0.0] AndroidManifest.xml:6:5-8:41
MERGED from [com.google.firebase:firebase-common:18.0.0] AndroidManifest.xml:6:5-8:41
MERGED from [com.google.android.gms:play-services-base:17.0.0] AndroidManifest.xml:20:5-44
MERGED from [com.google.android.gms:play-services-base:17.0.0] AndroidManifest.xml:20:5-44
MERGED from [com.google.android.gms:play-services-tasks:17.0.0] AndroidManifest.xml:5:5-44
MERGED from [com.google.android.gms:play-services-tasks:17.0.0] AndroidManifest.xml:5:5-44
MERGED from [com.google.android.gms:play-services-basement:17.0.0] AndroidManifest.xml:20:5-44
MERGED from [com.google.android.gms:play-services-basement:17.0.0] AndroidManifest.xml:20:5-44
MERGED from [androidx.fragment:fragment:1.1.0-alpha02] AndroidManifest.xml:20:5-44
MERGED from [androidx.fragment:fragment:1.1.0-alpha02] AndroidManifest.xml:20:5-44
MERGED from [androidx.vectordrawable:vectordrawable:1.0.1] AndroidManifest.xml:20:5-44
MERGED from [androidx.vectordrawable:vectordrawable:1.0.1] AndroidManifest.xml:20:5-44
MERGED from [androidx.drawerlayout:drawerlayout:1.0.0] AndroidManifest.xml:20:5-44
MERGED from [androidx.drawerlayout:drawerlayout:1.0.0] AndroidManifest.xml:20:5-44
MERGED from [androidx.transition:transition:1.0.0] AndroidManifest.xml:20:5-44
MERGED from [androidx.transition:transition:1.0.0] AndroidManifest.xml:20:5-44
MERGED from [androidx.viewpager:viewpager:1.0.0] AndroidManifest.xml:20:5-44
MERGED from [androidx.viewpager:viewpager:1.0.0] AndroidManifest.xml:20:5-44
MERGED from [androidx.coordinatorlayout:coordinatorlayout:1.0.0] AndroidManifest.xml:20:5-44
MERGED from [androidx.coordinatorlayout:coordinatorlayout:1.0.0] AndroidManifest.xml:20:5-44
MERGED from [androidx.slidingpanelayout:slidingpanelayout:1.0.0] AndroidManifest.xml:20:5-44
MERGED from [androidx.slidingpanelayout:slidingpanelayout:1.0.0] AndroidManifest.xml:20:5-44
MERGED from [androidx.customview:customview:1.0.0] AndroidManifest.xml:20:5-44
MERGED from [androidx.customview:customview:1.0.0] AndroidManifest.xml:20:5-44
MERGED from [androidx.swiperefreshlayout:swiperefreshlayout:1.0.0] AndroidManifest.xml:20:5-44
MERGED from [androidx.swiperefreshlayout:swiperefreshlayout:1.0.0] AndroidManifest.xml:20:5-44
MERGED from [androidx.asynclayoutinflater:asynclayoutinflater:1.0.0] AndroidManifest.xml:20:5-44
MERGED from [androidx.asynclayoutinflater:asynclayoutinflater:1.0.0] AndroidManifest.xml:20:5-44
MERGED from [androidx.loader:loader:1.0.0] AndroidManifest.xml:20:5-44
MERGED from [androidx.loader:loader:1.0.0] AndroidManifest.xml:20:5-44
MERGED from [androidx.activity:activity:1.0.0-alpha02] AndroidManifest.xml:20:5-44
MERGED from [androidx.activity:activity:1.0.0-alpha02] AndroidManifest.xml:20:5-44
MERGED from [androidx.core:core:1.1.0-alpha01] AndroidManifest.xml:20:5-44
MERGED from [androidx.core:core:1.1.0-alpha01] AndroidManifest.xml:20:5-44
MERGED from [androidx.versionedparcelable:versionedparcelable:1.1.0-alpha01] AndroidManifest.xml:20:5-44
MERGED from [androidx.versionedparcelable:versionedparcelable:1.1.0-alpha01] AndroidManifest.xml:20:5-44
MERGED from [androidx.cursoradapter:cursoradapter:1.0.0] AndroidManifest.xml:20:5-44
MERGED from [androidx.cursoradapter:cursoradapter:1.0.0] AndroidManifest.xml:20:5-44
MERGED from [androidx.interpolator:interpolator:1.0.0] AndroidManifest.xml:20:5-44
MERGED from [androidx.interpolator:interpolator:1.0.0] AndroidManifest.xml:20:5-44
MERGED from [androidx.documentfile:documentfile:1.0.0] AndroidManifest.xml:20:5-44
MERGED from [androidx.documentfile:documentfile:1.0.0] AndroidManifest.xml:20:5-44
MERGED from [androidx.print:print:1.0.0] AndroidManifest.xml:20:5-44
MERGED from [androidx.print:print:1.0.0] AndroidManifest.xml:20:5-44
MERGED from [androidx.lifecycle:lifecycle-viewmodel:2.0.0] AndroidManifest.xml:20:5-44
MERGED from [androidx.lifecycle:lifecycle-viewmodel:2.0.0] AndroidManifest.xml:20:5-44
MERGED from [androidx.lifecycle:lifecycle-runtime:2.0.0] AndroidManifest.xml:20:5-44
MERGED from [androidx.lifecycle:lifecycle-runtime:2.0.0] AndroidManifest.xml:20:5-44
MERGED from [androidx.lifecycle:lifecycle-livedata:2.0.0] AndroidManifest.xml:20:5-44
MERGED from [androidx.lifecycle:lifecycle-livedata:2.0.0] AndroidManifest.xml:20:5-44
MERGED from [androidx.lifecycle:lifecycle-livedata-core:2.0.0] AndroidManifest.xml:20:5-44
MERGED from [androidx.lifecycle:lifecycle-livedata-core:2.0.0] AndroidManifest.xml:20:5-44
MERGED from [androidx.arch.core:core-runtime:2.0.0] AndroidManifest.xml:20:5-44
MERGED from [androidx.arch.core:core-runtime:2.0.0] AndroidManifest.xml:20:5-44